2023-04-25 20:11:33,894 DEBUG i.n.u.i.l.InternalLoggerFactory [main] Using Log4J2 as the default logging framework
2023-04-25 20:11:33,909 DEBUG i.n.u.ResourceLeakDetector [main] -Dio.netty.leakDetection.level: simple
2023-04-25 20:11:33,910 DEBUG i.n.u.ResourceLeakDetector [main] -Dio.netty.leakDetection.targetRecords: 4
2023-04-25 20:11:33,919 DEBUG i.n.u.ResourceLeakDetectorFactory [main] Loaded default ResourceLeakDetector: io.netty.util.ResourceLeakDetector@1051817b
2023-04-25 20:11:33,942 DEBUG i.n.u.i.PlatformDependent0 [main] -Dio.netty.noUnsafe: false
2023-04-25 20:11:33,942 DEBUG i.n.u.i.PlatformDependent0 [main] Java version: 19
2023-04-25 20:11:33,945 DEBUG i.n.u.i.PlatformDependent0 [main] sun.misc.Unsafe.theUnsafe: available
2023-04-25 20:11:33,946 DEBUG i.n.u.i.PlatformDependent0 [main] sun.misc.Unsafe.copyMemory: available
2023-04-25 20:11:33,947 DEBUG i.n.u.i.PlatformDependent0 [main] sun.misc.Unsafe.storeFence: available
2023-04-25 20:11:33,948 DEBUG i.n.u.i.PlatformDependent0 [main] java.nio.Buffer.address: available
2023-04-25 20:11:33,948 DEBUG i.n.u.i.PlatformDependent0 [main] direct buffer constructor: unavailable: Reflective setAccessible(true) disabled
2023-04-25 20:11:33,948 DEBUG i.n.u.i.PlatformDependent0 [main] java.nio.Bits.unaligned: available, true
2023-04-25 20:11:33,949 DEBUG i.n.u.i.PlatformDependent0 [main] jdk.internal.misc.Unsafe.allocateUninitializedArray(int): unavailable: class io.netty.util.internal.PlatformDependent0$7 cannot access class jdk.internal.misc.Unsafe (in module java.base) because module java.base does not export jdk.internal.misc to unnamed module @19e1023e
2023-04-25 20:11:33,949 DEBUG i.n.u.i.PlatformDependent0 [main] java.nio.DirectByteBuffer.<init>(long, int): unavailable
2023-04-25 20:11:33,949 DEBUG i.n.u.i.PlatformDependent [main] sun.misc.Unsafe: available
2023-04-25 20:11:33,950 DEBUG i.n.u.i.PlatformDependent [main] maxDirectMemory: 4227858432 bytes (maybe)
2023-04-25 20:11:33,950 DEBUG i.n.u.i.PlatformDependent [main] -Dio.netty.tmpdir: C:\Users\Admin\AppData\Local\Temp (java.io.tmpdir)
2023-04-25 20:11:33,951 DEBUG i.n.u.i.PlatformDependent [main] -Dio.netty.bitMode: 64 (sun.arch.data.model)
2023-04-25 20:11:33,951 DEBUG i.n.u.i.PlatformDependent [main] Platform: Windows
2023-04-25 20:11:33,951 DEBUG i.n.u.i.PlatformDependent [main] -Dio.netty.maxDirectMemory: -1 bytes
2023-04-25 20:11:33,952 DEBUG i.n.u.i.PlatformDependent [main] -Dio.netty.uninitializedArrayAllocationThreshold: -1
2023-04-25 20:11:33,953 DEBUG i.n.u.i.CleanerJava9 [main] java.nio.ByteBuffer.cleaner(): available
2023-04-25 20:11:33,953 DEBUG i.n.u.i.PlatformDependent [main] -Dio.netty.noPreferDirect: false
2023-04-25 20:11:33,959 DEBUG i.n.u.i.PlatformDependent [main] org.jctools-core.MpscChunkedArrayQueue: available
2023-04-25 20:11:33,979 DEBUG i.n.u.i.InternalThreadLocalMap [main] -Dio.netty.threadLocalMap.stringBuilder.initialSize: 1024
2023-04-25 20:11:33,979 DEBUG i.n.u.i.InternalThreadLocalMap [main] -Dio.netty.threadLocalMap.stringBuilder.maxSize: 4096
2023-04-25 20:11:34,182 DEBUG i.n.h.s.JdkSslContext [main] Default protocols (JDK): [TLSv1.3, TLSv1.2] 
2023-04-25 20:11:34,182 DEBUG i.n.h.s.JdkSslContext [main] Default cipher suites (JDK): [TLS_ECDHE_ECDSA_WITH_AES_256_GCM_SHA384, TLS_ECDHE_ECDSA_WITH_AES_128_GCM_SHA256, TLS_ECDHE_RSA_WITH_AES_128_GCM_SHA256, TLS_ECDHE_RSA_WITH_AES_256_GCM_SHA384, TLS_ECDHE_RSA_WITH_AES_128_CBC_SHA, TLS_ECDHE_RSA_WITH_AES_256_CBC_SHA, TLS_RSA_WITH_AES_128_GCM_SHA256, TLS_RSA_WITH_AES_128_CBC_SHA, TLS_RSA_WITH_AES_256_CBC_SHA, TLS_AES_128_GCM_SHA256, TLS_AES_256_GCM_SHA384]
2023-04-25 20:11:34,204 DEBUG i.n.c.MultithreadEventLoopGroup [main] -Dio.netty.eventLoopThreads: 16
2023-04-25 20:11:34,217 DEBUG i.n.c.n.NioEventLoop [main] -Dio.netty.noKeySetOptimization: false
2023-04-25 20:11:34,217 DEBUG i.n.c.n.NioEventLoop [main] -Dio.netty.selectorAutoRebuildThreshold: 512
2023-04-25 20:11:34,272 DEBUG i.n.b.PooledByteBufAllocator [main] -Dio.netty.allocator.numHeapArenas: 16
2023-04-25 20:11:34,272 DEBUG i.n.b.PooledByteBufAllocator [main] -Dio.netty.allocator.numDirectArenas: 16
2023-04-25 20:11:34,272 DEBUG i.n.b.PooledByteBufAllocator [main] -Dio.netty.allocator.pageSize: 8192
2023-04-25 20:11:34,272 DEBUG i.n.b.PooledByteBufAllocator [main] -Dio.netty.allocator.maxOrder: 9
2023-04-25 20:11:34,272 DEBUG i.n.b.PooledByteBufAllocator [main] -Dio.netty.allocator.chunkSize: 4194304
2023-04-25 20:11:34,272 DEBUG i.n.b.PooledByteBufAllocator [main] -Dio.netty.allocator.smallCacheSize: 256
2023-04-25 20:11:34,272 DEBUG i.n.b.PooledByteBufAllocator [main] -Dio.netty.allocator.normalCacheSize: 64
2023-04-25 20:11:34,272 DEBUG i.n.b.PooledByteBufAllocator [main] -Dio.netty.allocator.maxCachedBufferCapacity: 32768
2023-04-25 20:11:34,272 DEBUG i.n.b.PooledByteBufAllocator [main] -Dio.netty.allocator.cacheTrimInterval: 8192
2023-04-25 20:11:34,272 DEBUG i.n.b.PooledByteBufAllocator [main] -Dio.netty.allocator.cacheTrimIntervalMillis: 0
2023-04-25 20:11:34,272 DEBUG i.n.b.PooledByteBufAllocator [main] -Dio.netty.allocator.useCacheForAllThreads: false
2023-04-25 20:11:34,272 DEBUG i.n.b.PooledByteBufAllocator [main] -Dio.netty.allocator.maxCachedByteBuffersPerChunk: 1023
2023-04-25 20:11:34,280 DEBUG i.n.b.ByteBufUtil [main] -Dio.netty.allocator.type: pooled
2023-04-25 20:11:34,281 DEBUG i.n.b.ByteBufUtil [main] -Dio.netty.threadLocalDirectBufferSize: 0
2023-04-25 20:11:34,281 DEBUG i.n.b.ByteBufUtil [main] -Dio.netty.maxThreadLocalCharBufferSize: 16384
2023-04-25 20:11:34,928 DEBUG i.n.c.DefaultChannelId [Forwarding newSession on session null to remote] -Dio.netty.processId: 14824 (auto-detected)
2023-04-25 20:11:34,930 DEBUG i.n.u.NetUtil [Forwarding newSession on session null to remote] -Djava.net.preferIPv4Stack: false
2023-04-25 20:11:34,930 DEBUG i.n.u.NetUtil [Forwarding newSession on session null to remote] -Djava.net.preferIPv6Addresses: false
2023-04-25 20:11:34,937 DEBUG i.n.u.NetUtilInitializations [Forwarding newSession on session null to remote] Loopback interface: lo (Software Loopback Interface 1, 127.0.0.1)
2023-04-25 20:11:34,938 DEBUG i.n.u.NetUtil [Forwarding newSession on session null to remote] Failed to get SOMAXCONN from sysctl and file \proc\sys\net\core\somaxconn. Default: 200
2023-04-25 20:11:34,950 DEBUG i.n.c.DefaultChannelId [Forwarding newSession on session null to remote] -Dio.netty.machineId: 14:13:33:ff:fe:3a:42:99 (auto-detected)
2023-04-25 20:11:35,004 DEBUG i.n.b.AbstractByteBuf [AsyncHttpClient-1-2] -Dio.netty.buffer.checkAccessible: true
2023-04-25 20:11:35,004 DEBUG i.n.b.AbstractByteBuf [AsyncHttpClient-1-2] -Dio.netty.buffer.checkBounds: true
2023-04-25 20:11:35,004 DEBUG i.n.u.ResourceLeakDetectorFactory [AsyncHttpClient-1-2] Loaded default ResourceLeakDetector: io.netty.util.ResourceLeakDetector@5d745712
2023-04-25 20:11:35,047 DEBUG i.n.u.Recycler [AsyncHttpClient-1-2] -Dio.netty.recycler.maxCapacityPerThread: 4096
2023-04-25 20:11:35,047 DEBUG i.n.u.Recycler [AsyncHttpClient-1-2] -Dio.netty.recycler.ratio: 8
2023-04-25 20:11:35,047 DEBUG i.n.u.Recycler [AsyncHttpClient-1-2] -Dio.netty.recycler.chunkSize: 32
2023-04-25 20:11:35,048 DEBUG i.n.u.Recycler [AsyncHttpClient-1-2] -Dio.netty.recycler.blocking: false
2023-04-25 20:11:35,898 DEBUG i.n.h.c.c.Brotli [AsyncHttpClient-1-2] brotli4j not in the classpath; Brotli support will be unavailable.
2023-04-25 20:11:36,041 DEBUG i.n.u.i.ThreadLocalRandom [main] -Dio.netty.initialSeedUniquifier: 0xc30f7a701d8d1f4c
2023-04-25 20:25:32,971 INFO s.Hooks [main] Browser-ul a fost initializat cu succes!
2023-04-25 20:25:34,806 INFO s.Hooks [main] Browser-ul a fost inchis!
2023-04-25 20:34:00,288 INFO s.Hooks [main] Browser-ul a fost initializat cu succes!
2023-04-25 20:34:02,256 INFO s.Hooks [main] Browser-ul a fost inchis!
2023-04-25 20:37:27,358 INFO s.Hooks [main] Browser-ul a fost initializat cu succes!
2023-04-25 20:37:29,156 INFO s.Hooks [main] Browser-ul a fost inchis!
2023-04-25 20:39:57,140 INFO s.Hooks [main] Browser-ul a fost initializat cu succes!
2023-04-25 20:43:06,220 INFO s.Hooks [main] Browser-ul a fost initializat cu succes!
2023-04-25 20:43:18,099 INFO s.Hooks [main] Browser-ul a fost inchis!
2023-04-25 20:44:14,824 INFO s.Hooks [main] Browser-ul a fost initializat cu succes!
2023-04-25 20:45:19,353 INFO s.Hooks [main] Browser-ul a fost inchis!
2023-04-25 20:49:42,629 INFO s.Hooks [main] Browser-ul a fost initializat cu succes!
2023-04-25 20:50:47,215 INFO s.Hooks [main] Browser-ul a fost initializat cu succes!
2023-04-25 20:51:01,614 INFO s.Hooks [main] Browser-ul a fost inchis!
2023-04-25 20:52:12,453 INFO s.Hooks [main] Browser-ul a fost initializat cu succes!
2023-04-25 20:52:26,340 INFO s.Hooks [main] Browser-ul a fost inchis!
2023-04-25 20:55:28,126 INFO s.Hooks [main] Browser-ul a fost initializat cu succes!
2023-04-25 20:55:43,473 INFO s.Hooks [main] Browser-ul a fost inchis!
2023-04-25 20:57:05,659 INFO s.Hooks [main] Browser-ul a fost initializat cu succes!
2023-04-25 20:57:21,187 INFO s.Hooks [main] Browser-ul a fost inchis!
2023-04-25 20:58:26,460 INFO s.Hooks [main] Browser-ul a fost initializat cu succes!
2023-04-25 21:00:16,336 INFO s.Hooks [main] Browser-ul a fost initializat cu succes!
2023-04-25 21:00:32,187 INFO s.Hooks [main] Browser-ul a fost inchis!
2023-04-25 21:00:41,095 INFO s.Hooks [main] Browser-ul a fost initializat cu succes!
2023-04-25 21:02:59,593 INFO s.Hooks [main] Browser-ul a fost initializat cu succes!
2023-04-25 21:05:47,030 INFO s.Hooks [main] Browser-ul a fost initializat cu succes!
2023-04-25 21:06:02,646 INFO s.Hooks [main] Browser-ul a fost inchis!
2023-04-25 21:06:56,891 INFO s.Hooks [main] Browser-ul a fost initializat cu succes!
2023-04-25 21:07:02,154 INFO s.Hooks [main] Browser-ul a fost inchis!
2023-04-26 08:45:39,001 INFO s.Hooks [main] Browser-ul a fost initializat cu succes!
2023-04-26 08:45:45,682 INFO s.Hooks [main] Browser-ul a fost inchis!
2023-04-26 08:55:27,282 INFO s.Hooks [main] Browser-ul a fost initializat cu succes!
2023-04-26 08:55:33,722 INFO s.Hooks [main] Browser-ul a fost inchis!
2023-04-26 09:20:49,490 INFO s.Hooks [main] Browser-ul a fost initializat cu succes!
2023-04-26 09:20:56,322 INFO s.Hooks [main] Browser-ul a fost inchis!
2023-04-26 09:22:26,630 INFO s.Hooks [main] Browser-ul a fost initializat cu succes!
2023-04-26 09:22:32,428 INFO s.Hooks [main] Browser-ul a fost inchis!
2023-04-26 09:37:04,528 INFO s.Hooks [main] Browser-ul a fost initializat cu succes!
2023-04-26 10:06:33,287 INFO s.Hooks [main] Browser-ul a fost initializat cu succes!
2023-04-26 10:06:41,564 INFO s.Hooks [main] Browser-ul a fost inchis!
2023-04-26 10:08:26,523 INFO s.Hooks [main] Browser-ul a fost initializat cu succes!
2023-04-26 10:08:39,892 INFO s.Hooks [main] Browser-ul a fost inchis!
2023-04-26 10:10:10,285 INFO s.Hooks [main] Browser-ul a fost initializat cu succes!
2023-04-26 10:10:18,748 INFO s.Hooks [main] Browser-ul a fost inchis!
2023-04-26 10:25:02,955 INFO s.Hooks [main] Browser-ul a fost initializat cu succes!
2023-04-26 10:25:10,751 INFO s.Hooks [main] Browser-ul a fost inchis!
2023-04-26 10:33:39,817 INFO s.Hooks [main] Browser-ul a fost initializat cu succes!
2023-04-26 10:33:40,036 INFO s.Hooks [main] Browser-ul a fost inchis!
2023-04-26 10:35:15,442 INFO s.Hooks [main] Browser-ul a fost initializat cu succes!
2023-04-26 10:35:15,608 INFO s.Hooks [main] Browser-ul a fost inchis!
2023-04-26 10:35:48,957 INFO s.Hooks [main] Browser-ul a fost initializat cu succes!
2023-04-26 10:35:58,333 INFO s.Hooks [main] Browser-ul a fost inchis!
2023-04-26 10:52:44,009 INFO s.Hooks [main] Browser-ul a fost initializat cu succes!
2023-04-26 10:52:50,666 INFO s.Hooks [main] Browser-ul a fost inchis!
2023-04-26 11:00:53,054 INFO s.Hooks [main] Browser-ul a fost initializat cu succes!
2023-04-26 11:00:59,096 INFO s.Hooks [main] Browser-ul a fost inchis!
2023-04-26 11:07:49,403 INFO s.Hooks [main] Browser-ul a fost initializat cu succes!
2023-04-26 11:07:56,664 INFO s.Hooks [main] Browser-ul a fost inchis!
2023-04-26 11:08:42,966 INFO s.Hooks [main] Browser-ul a fost initializat cu succes!
2023-04-26 11:08:48,466 INFO s.Hooks [main] Browser-ul a fost inchis!
2023-04-26 12:56:14,012 INFO s.Hooks [main] Browser-ul a fost initializat cu succes!
2023-04-26 12:56:17,344 INFO s.MyStepdefs [main] Metoda toPage a clasei HomePage a fost invocata!
2023-04-26 12:56:18,134 INFO s.MyStepdefs [main] PaginaRegisterPagea fost accesata!
2023-04-26 12:56:18,146 INFO s.MyStepdefs [main] URL contine cuvantul cheie presentatregister
2023-04-26 12:56:19,056 WARN s.MyStepdefs [main] Campul nu contine simbolul '@'.Verificati corectitudinea datelor!
2023-04-26 12:56:19,171 INFO s.Hooks [main] Browser-ul a fost inchis!
2023-04-26 13:00:01,294 INFO s.Hooks [main] Browser-ul a fost initializat cu succes!
2023-04-26 13:00:04,693 INFO s.MyStepdefs [main] Metoda toPage a clasei HomePage a fost invocata!
2023-04-26 13:00:05,746 INFO s.MyStepdefs [main] Pagina RegisterPage a fost accesata!
2023-04-26 13:00:05,758 INFO s.MyStepdefs [main] URL contine cuvantul cheie presentat register
2023-04-26 13:00:06,744 WARN s.MyStepdefs [main] Campul nu contine simbolul '@'.Verificati corectitudinea datelor!
2023-04-26 13:00:06,872 INFO s.Hooks [main] Browser-ul a fost inchis!
2023-04-26 13:00:42,885 INFO s.Hooks [main] Browser-ul a fost initializat cu succes!
2023-04-26 13:00:45,309 INFO s.MyStepdefs [main] Metoda toPage a clasei HomePage a fost invocata!
2023-04-26 13:00:45,999 INFO s.MyStepdefs [main] Pagina RegisterPage a fost accesata!
2023-04-26 13:00:46,010 INFO s.MyStepdefs [main] URL contine cuvantul cheie presentat register
2023-04-26 13:00:47,699 WARN s.MyStepdefs [main] Campul nu contine simbolul '@'.Verificati corectitudinea datelor!
2023-04-26 13:00:47,773 INFO s.Hooks [main] Browser-ul a fost inchis!
2023-04-26 13:02:08,732 INFO s.Hooks [main] Browser-ul a fost initializat cu succes!
2023-04-26 13:02:11,510 INFO s.MyStepdefs [main] Metoda toPage a clasei HomePage a fost invocata!
2023-04-26 13:02:12,281 INFO s.MyStepdefs [main] Pagina RegisterPage a fost accesata!
2023-04-26 13:02:12,292 INFO s.MyStepdefs [main] URL contine cuvantul cheie presentat register
2023-04-26 13:02:13,927 WARN s.MyStepdefs [main] Campul nu contine simbolul '@'.Verificati corectitudinea datelor!
2023-04-26 13:02:13,935 WARN s.MyStepdefs [main] Campul nu contine simbolul '@'.Verificati corectitudinea datelor!
2023-04-26 13:02:14,031 INFO s.Hooks [main] Browser-ul a fost inchis!
2023-04-26 13:03:33,552 INFO s.Hooks [main] Browser-ul a fost initializat cu succes!
2023-04-26 13:03:35,909 INFO s.MyStepdefs [main] Metoda toPage a clasei HomePage a fost invocata!
2023-04-26 13:03:36,611 INFO s.MyStepdefs [main] Pagina RegisterPage a fost accesata!
2023-04-26 13:03:36,623 INFO s.MyStepdefs [main] URL contine cuvantul cheie presentat register
2023-04-26 13:03:38,442 INFO s.Hooks [main] Browser-ul a fost inchis!
2023-04-27 10:07:48,432 INFO s.Hooks [main] Browser-ul a fost initializat cu succes!
2023-04-27 10:07:52,506 INFO s.MyStepdefs [main] Metoda toPage a clasei HomePage a fost invocata!
2023-04-27 10:07:53,578 INFO s.MyStepdefs [main] Pagina RegisterPage a fost accesata!
2023-04-27 10:07:53,603 INFO s.MyStepdefs [main] URL contine cuvantul cheie presentat register
2023-04-27 10:07:56,654 INFO s.Hooks [main] Browser-ul a fost inchis!
2023-04-27 10:10:25,130 INFO s.Hooks [main] Browser-ul a fost initializat cu succes!
2023-04-27 10:10:29,222 INFO s.MyStepdefs [main] Metoda toPage a clasei HomePage a fost invocata!
2023-04-27 10:10:30,536 INFO s.MyStepdefs [main] Pagina RegisterPage a fost accesata!
2023-04-27 10:10:30,553 INFO s.MyStepdefs [main] URL contine cuvantul cheie presentat register
2023-04-27 10:10:32,938 INFO s.Hooks [main] Browser-ul a fost inchis!
2023-04-27 10:11:35,634 INFO s.Hooks [main] Browser-ul a fost initializat cu succes!
2023-04-27 10:11:39,116 INFO s.MyStepdefs [main] Metoda toPage a clasei HomePage a fost invocata!
2023-04-27 10:11:39,998 INFO s.MyStepdefs [main] Pagina RegisterPage a fost accesata!
2023-04-27 10:11:40,014 INFO s.MyStepdefs [main] URL contine cuvantul cheie presentat register
2023-04-27 10:11:42,105 INFO s.Hooks [main] Browser-ul a fost inchis!
2023-04-27 10:12:32,279 INFO s.Hooks [main] Browser-ul a fost initializat cu succes!
2023-04-27 10:12:35,982 INFO s.MyStepdefs [main] Metoda toPage a clasei HomePage a fost invocata!
2023-04-27 10:12:37,093 INFO s.MyStepdefs [main] Pagina RegisterPage a fost accesata!
2023-04-27 10:12:37,115 INFO s.MyStepdefs [main] URL contine cuvantul cheie presentat register
2023-04-27 10:12:38,490 INFO s.Hooks [main] Browser-ul a fost inchis!
2023-04-27 10:23:44,884 INFO s.Hooks [main] Browser-ul a fost initializat cu succes!
2023-04-27 10:23:48,977 INFO s.MyStepdefs [main] Metoda toPage a clasei HomePage a fost invocata!
2023-04-27 10:23:50,606 INFO s.MyStepdefs [main] Pagina RegisterPage a fost accesata!
2023-04-27 10:23:50,630 INFO s.MyStepdefs [main] URL contine cuvantul cheie presentat register
2023-04-27 10:23:52,153 INFO s.Hooks [main] Browser-ul a fost inchis!
2023-04-27 10:24:39,184 INFO s.Hooks [main] Browser-ul a fost initializat cu succes!
2023-04-27 10:24:42,534 INFO s.MyStepdefs [main] Metoda toPage a clasei HomePage a fost invocata!
2023-04-27 10:24:43,355 INFO s.MyStepdefs [main] Pagina RegisterPage a fost accesata!
2023-04-27 10:24:43,376 INFO s.MyStepdefs [main] URL contine cuvantul cheie presentat register
2023-04-27 10:24:44,783 INFO s.Hooks [main] Browser-ul a fost inchis!
2023-04-27 10:26:46,247 INFO s.Hooks [main] Browser-ul a fost initializat cu succes!
2023-04-27 10:26:50,170 INFO s.MyStepdefs [main] Metoda toPage a clasei HomePage a fost invocata!
2023-04-27 10:32:25,476 INFO s.Hooks [main] Browser-ul a fost initializat cu succes!
2023-04-27 10:32:29,537 INFO s.MyStepdefs [main] Metoda toPage a clasei HomePage a fost invocata!
2023-04-27 10:32:31,453 INFO s.MyStepdefs [main] Pagina RegisterPage a fost accesata!
2023-04-27 10:32:31,463 INFO s.MyStepdefs [main] URL contine cuvantul cheie presentat register
2023-04-27 10:32:32,889 INFO s.Hooks [main] Browser-ul a fost inchis!
2023-04-27 10:37:29,997 INFO s.Hooks [main] Browser-ul a fost initializat cu succes!
2023-04-27 10:37:34,067 INFO s.MyStepdefs [main] Metoda toPage a clasei HomePage a fost invocata!
2023-04-27 10:38:48,563 INFO s.Hooks [main] Browser-ul a fost initializat cu succes!
2023-04-27 10:38:52,662 INFO s.MyStepdefs [main] Metoda toPage a clasei HomePage a fost invocata!
2023-04-27 10:39:40,244 INFO s.Hooks [main] Browser-ul a fost initializat cu succes!
2023-04-27 10:39:44,320 INFO s.MyStepdefs [main] Metoda toPage a clasei HomePage a fost invocata!
2023-04-27 10:39:48,351 INFO s.MyStepdefs [main] Pagina RegisterPage a fost accesata!
2023-04-27 10:39:48,407 INFO s.MyStepdefs [main] URL contine cuvantul cheie presentat register
2023-04-27 10:40:18,139 INFO s.Hooks [main] Browser-ul a fost initializat cu succes!
2023-04-27 10:40:22,231 INFO s.MyStepdefs [main] Metoda toPage a clasei HomePage a fost invocata!
2023-04-27 10:43:06,713 INFO s.Hooks [main] Browser-ul a fost initializat cu succes!
2023-04-27 10:43:10,820 INFO s.MyStepdefs [main] Metoda toPage a clasei HomePage a fost invocata!
2023-04-27 10:43:13,244 INFO s.MyStepdefs [main] Pagina RegisterPage a fost accesata!
2023-04-27 10:43:13,265 INFO s.MyStepdefs [main] URL contine cuvantul cheie presentat register
2023-04-27 10:43:14,798 INFO s.Hooks [main] Browser-ul a fost inchis!
2023-04-27 10:44:13,176 INFO s.Hooks [main] Browser-ul a fost initializat cu succes!
2023-04-27 10:44:17,257 INFO s.MyStepdefs [main] Metoda toPage a clasei HomePage a fost invocata!
2023-04-27 10:44:19,718 INFO s.MyStepdefs [main] Pagina RegisterPage a fost accesata!
2023-04-27 10:44:19,743 INFO s.MyStepdefs [main] URL contine cuvantul cheie presentat register
2023-04-27 10:44:21,242 INFO s.Hooks [main] Browser-ul a fost inchis!
2023-04-27 17:48:05,784 INFO s.Hooks [main] Browser-ul a fost initializat cu succes!
2023-04-27 17:48:09,868 INFO s.MyStepdefs [main] Metoda toPage a clasei HomePage a fost invocata!
2023-04-27 17:48:13,891 INFO s.MyStepdefs [main] Pagina RegisterPage a fost accesata!
2023-04-27 17:48:13,911 INFO s.MyStepdefs [main] URL contine cuvantul cheie presentat register
2023-04-27 17:48:19,139 INFO s.Hooks [main] Browser-ul a fost inchis!
2023-04-27 17:49:57,394 INFO s.Hooks [main] Browser-ul a fost initializat cu succes!
2023-04-27 17:50:01,500 INFO s.MyStepdefs [main] Metoda toPage a clasei HomePage a fost invocata!
2023-04-27 17:50:05,518 INFO s.MyStepdefs [main] Pagina RegisterPage a fost accesata!
2023-04-27 17:50:05,539 INFO s.MyStepdefs [main] URL contine cuvantul cheie presentat register
2023-04-27 17:53:31,979 INFO s.Hooks [main] Browser-ul a fost initializat cu succes!
2023-04-27 17:53:36,063 INFO s.MyStepdefs [main] Metoda toPage a clasei HomePage a fost invocata!
2023-04-27 17:53:40,099 INFO s.MyStepdefs [main] Pagina RegisterPage a fost accesata!
2023-04-27 17:53:40,119 INFO s.MyStepdefs [main] URL contine cuvantul cheie presentat register
2023-04-27 17:53:49,963 INFO s.Hooks [main] Browser-ul a fost inchis!
2023-04-27 17:59:31,142 INFO s.Hooks [main] Browser-ul a fost initializat cu succes!
2023-04-27 17:59:35,257 INFO s.MyStepdefs [main] Metoda toPage a clasei HomePage a fost invocata!
2023-04-27 17:59:38,977 INFO s.MyStepdefs [main] Pagina RegisterPage a fost accesata!
2023-04-27 17:59:38,987 INFO s.MyStepdefs [main] URL contine cuvantul cheie presentat register
2023-04-27 17:59:40,443 INFO s.Hooks [main] Browser-ul a fost inchis!
2023-04-27 18:10:24,762 INFO s.Hooks [main] Browser-ul a fost initializat cu succes!
2023-04-27 18:10:28,876 INFO s.MyStepdefs [main] Metoda toPage a clasei HomePage a fost invocata!
2023-04-27 18:10:32,911 INFO s.MyStepdefs [main] Pagina RegisterPage a fost accesata!
2023-04-27 18:10:32,931 INFO s.MyStepdefs [main] URL contine cuvantul cheie presentat register
2023-04-27 18:10:42,861 INFO s.Hooks [main] Browser-ul a fost inchis!
2023-04-27 18:11:02,956 INFO s.Hooks [main] Browser-ul a fost initializat cu succes!
2023-04-27 18:11:07,063 INFO s.MyStepdefs [main] Metoda toPage a clasei HomePage a fost invocata!
2023-04-27 18:11:11,110 INFO s.MyStepdefs [main] Pagina RegisterPage a fost accesata!
2023-04-27 18:11:11,128 INFO s.MyStepdefs [main] URL contine cuvantul cheie presentat register
2023-04-27 18:11:20,932 INFO s.Hooks [main] Browser-ul a fost inchis!
2023-04-27 18:15:54,195 INFO s.Hooks [main] Browser-ul a fost initializat cu succes!
2023-04-27 18:15:58,283 INFO s.MyStepdefs [main] Metoda toPage a clasei HomePage a fost invocata!
2023-04-27 18:16:02,321 INFO s.MyStepdefs [main] Pagina RegisterPage a fost accesata!
2023-04-27 18:16:02,337 INFO s.MyStepdefs [main] URL contine cuvantul cheie presentat register
2023-04-27 18:16:12,181 INFO s.Hooks [main] Browser-ul a fost inchis!
2023-04-27 18:17:18,085 INFO s.Hooks [main] Browser-ul a fost initializat cu succes!
2023-04-27 18:17:22,191 INFO s.MyStepdefs [main] Metoda toPage a clasei HomePage a fost invocata!
2023-04-27 18:17:25,774 INFO s.MyStepdefs [main] Pagina RegisterPage a fost accesata!
2023-04-27 18:17:25,791 INFO s.MyStepdefs [main] URL contine cuvantul cheie presentat register
2023-04-27 18:17:28,413 INFO s.Hooks [main] Browser-ul a fost inchis!
2023-04-27 18:18:36,062 INFO s.Hooks [main] Browser-ul a fost initializat cu succes!
2023-04-27 18:18:40,160 INFO s.MyStepdefs [main] Metoda toPage a clasei HomePage a fost invocata!
2023-04-27 18:18:44,203 INFO s.MyStepdefs [main] Pagina RegisterPage a fost accesata!
2023-04-27 18:18:44,370 INFO s.Hooks [main] Browser-ul a fost inchis!
2023-04-27 18:20:28,690 INFO s.Hooks [main] Browser-ul a fost initializat cu succes!
2023-04-27 18:20:32,799 INFO s.MyStepdefs [main] Metoda toPage a clasei HomePage a fost invocata!
2023-04-27 18:20:36,828 INFO s.MyStepdefs [main] Pagina RegisterPage a fost accesata!
2023-04-27 18:21:30,675 INFO s.Hooks [main] Browser-ul a fost initializat cu succes!
2023-04-27 18:21:34,767 INFO s.MyStepdefs [main] Metoda toPage a clasei HomePage a fost invocata!
2023-04-27 18:21:38,805 INFO s.MyStepdefs [main] Pagina RegisterPage a fost accesata!
2023-04-27 18:21:52,860 INFO s.Hooks [main] Browser-ul a fost inchis!
2023-04-27 18:24:36,350 INFO s.Hooks [main] Browser-ul a fost initializat cu succes!
2023-04-27 18:24:40,463 INFO s.MyStepdefs [main] Metoda toPage a clasei HomePage a fost invocata!
2023-04-27 18:24:44,496 INFO s.MyStepdefs [main] Pagina RegisterPage a fost accesata!
2023-04-27 18:24:54,261 INFO s.Hooks [main] Browser-ul a fost inchis!
2023-04-28 08:46:32,183 INFO s.Hooks [main] Browser-ul a fost initializat cu succes!
2023-04-28 08:46:35,282 INFO s.MyStepdefs [main] Metoda toPage a clasei HomePage a fost invocata!
2023-04-28 08:46:35,987 INFO s.MyStepdefs [main] Pagina RegisterPage a fost accesata!
2023-04-28 08:46:36,001 INFO s.MyStepdefs [main] URL contine cuvantul cheie presentat register
2023-04-28 08:46:37,813 INFO s.Hooks [main] Browser-ul a fost inchis!
2023-04-28 08:49:44,061 INFO s.Hooks [main] Browser-ul a fost initializat cu succes!
2023-04-28 08:49:46,648 INFO s.MyStepdefs [main] Metoda toPage a clasei HomePage a fost invocata!
2023-04-28 08:49:47,429 INFO s.MyStepdefs [main] Pagina RegisterPage a fost accesata!
2023-04-28 08:49:47,441 INFO s.MyStepdefs [main] URL contine cuvantul cheie presentat register
2023-04-28 08:49:49,109 WARN s.MyStepdefs [main] Eroarea a fost depistata
2023-04-28 08:49:49,119 WARN s.MyStepdefs [main] Eroarea a fost depistata
2023-04-28 08:49:49,230 INFO s.Hooks [main] Browser-ul a fost inchis!
2023-04-28 08:58:09,975 INFO s.Hooks [main] Browser-ul a fost initializat cu succes!
2023-04-28 08:58:13,279 INFO s.MyStepdefs [main] Metoda toPage a clasei HomePage a fost invocata!
2023-04-28 08:59:07,414 INFO s.Hooks [main] Browser-ul a fost initializat cu succes!
2023-04-28 08:59:10,084 INFO s.MyStepdefs [main] Metoda toPage a clasei HomePage a fost invocata!
2023-04-28 08:59:14,067 INFO s.MyStepdefs [main] Pagina RegisterPage a fost accesata!
2023-04-28 08:59:14,079 INFO s.MyStepdefs [main] URL contine cuvantul cheie presentat register
2023-04-28 08:59:18,737 WARN s.MyStepdefs [main] Eroarea a fost depistata
2023-04-28 08:59:18,747 WARN s.MyStepdefs [main] Eroarea a fost depistata
2023-04-28 08:59:18,849 INFO s.Hooks [main] Browser-ul a fost inchis!
2023-04-28 09:21:32,784 INFO s.Hooks [main] Browser-ul a fost initializat cu succes!
2023-04-28 09:21:35,524 INFO s.MyStepdefs [main] Metoda toPage a clasei HomePage a fost invocata!
2023-04-28 09:21:39,495 INFO s.MyStepdefs [main] Pagina RegisterPage a fost accesata!
2023-04-28 09:21:39,505 INFO s.MyStepdefs [main] URL contine cuvantul cheie presentat register
2023-04-28 09:21:40,497 INFO s.Hooks [main] Browser-ul a fost inchis!
2023-04-28 09:31:32,626 INFO s.Hooks [main] Browser-ul a fost initializat cu succes!
2023-04-28 09:31:35,319 INFO s.MyStepdefs [main] Metoda toPage a clasei HomePage a fost invocata!
2023-04-28 09:31:39,282 INFO s.MyStepdefs [main] Pagina RegisterPage a fost accesata!
2023-04-28 09:31:39,292 INFO s.MyStepdefs [main] URL contine cuvantul cheie presentat register
2023-04-28 09:31:40,315 INFO s.Hooks [main] Browser-ul a fost inchis!
2023-04-28 09:33:10,910 INFO s.Hooks [main] Browser-ul a fost initializat cu succes!
2023-04-28 09:33:13,665 INFO s.MyStepdefs [main] Metoda toPage a clasei HomePage a fost invocata!
2023-04-28 09:33:17,664 INFO s.MyStepdefs [main] Pagina RegisterPage a fost accesata!
2023-04-28 09:33:17,678 INFO s.MyStepdefs [main] URL contine cuvantul cheie presentat register
2023-04-28 09:33:18,643 INFO s.Hooks [main] Browser-ul a fost inchis!
2023-04-28 09:40:28,534 INFO s.Hooks [main] Browser-ul a fost initializat cu succes!
2023-04-28 09:40:31,359 INFO s.MyStepdefs [main] Metoda toPage a clasei HomePage a fost invocata!
2023-04-28 09:40:35,522 INFO s.MyStepdefs [main] Pagina RegisterPage a fost accesata!
2023-04-28 09:40:35,531 INFO s.MyStepdefs [main] URL contine cuvantul cheie presentat register
2023-04-28 09:40:36,496 INFO s.Hooks [main] Browser-ul a fost inchis!
2023-04-28 09:44:13,931 INFO s.Hooks [main] Browser-ul a fost initializat cu succes!
2023-04-28 09:44:16,934 INFO s.MyStepdefs [main] Metoda toPage a clasei HomePage a fost invocata!
2023-04-28 09:44:20,936 INFO s.MyStepdefs [main] Pagina RegisterPage a fost accesata!
2023-04-28 09:44:20,948 INFO s.MyStepdefs [main] URL contine cuvantul cheie presentat register
2023-04-28 09:44:21,879 INFO s.Hooks [main] Browser-ul a fost inchis!
2023-04-28 09:45:25,395 INFO s.Hooks [main] Browser-ul a fost initializat cu succes!
2023-04-28 09:45:29,475 INFO s.MyStepdefs [main] Metoda toPage a clasei HomePage a fost invocata!
2023-04-28 09:45:34,800 INFO s.MyStepdefs [main] Pagina RegisterPage a fost accesata!
2023-04-28 09:45:34,809 INFO s.MyStepdefs [main] URL contine cuvantul cheie presentat register
2023-04-28 09:45:35,746 INFO s.Hooks [main] Browser-ul a fost inchis!
2023-04-28 09:54:47,327 INFO s.Hooks [main] Browser-ul a fost initializat cu succes!
2023-04-28 09:54:50,527 INFO s.MyStepdefs [main] Metoda toPage a clasei HomePage a fost invocata!
2023-04-28 09:54:54,500 INFO s.MyStepdefs [main] Pagina RegisterPage a fost accesata!
2023-04-28 09:54:54,512 INFO s.MyStepdefs [main] URL contine cuvantul cheie presentat register
2023-04-28 09:55:03,078 WARN s.MyStepdefs [main] Eroarea a fost depistata
2023-04-28 09:55:03,089 WARN s.MyStepdefs [main] Eroarea a fost depistata
2023-04-28 09:55:03,176 INFO s.Hooks [main] Browser-ul a fost inchis!
